  [1m[35m (0.2ms)[0m  [1m[35mDROP DATABASE IF EXISTS "life_development"[0m
  [1m[35m (0.1ms)[0m  [1m[35mDROP DATABASE IF EXISTS "life_test"[0m
  [1m[35m (253.0ms)[0m  [1m[35mCREATE DATABASE "life_development" ENCODING = 'unicode'[0m
  [1m[35m (253.0ms)[0m  [1m[35mCREATE DATABASE "life_test" ENCODING = 'unicode'[0m
  [1m[35m (7.3ms)[0m  [1m[35mCREATE TABLE "schema_migrations" ("version" character varying NOT NULL PRIMARY KEY)[0m
  [1m[35m (5.0ms)[0m  [1m[35mCREATE TABLE "ar_internal_metadata" ("key" character varying NOT NULL PRIMARY KEY, "value" character varying, "created_at" timestamp(6) NOT NULL, "updated_at" timestamp(6) NOT NULL)[0m
  [1m[35m (0.3ms)[0m  [1m[34mSELECT pg_try_advisory_lock(6783929458321351875)[0m
  [1m[35m (0.9ms)[0m  [1m[34mSELECT "schema_migrations"."version" FROM "schema_migrations" ORDER BY "schema_migrations"."version" ASC[0m
  [1m[36mActiveRecord::InternalMetadata Load (0.6ms)[0m  [1m[34mSELECT "ar_internal_metadata".* FROM "ar_internal_metadata" WHERE "ar_internal_metadata"."key" = $1 LIMIT $2[0m  [["key", "environment"], ["LIMIT", 1]]
  [1m[35m (0.3ms)[0m  [1m[35mBEGIN[0m
  [1m[36mActiveRecord::InternalMetadata Create (0.9ms)[0m  [1m[32mINSERT INTO "ar_internal_metadata" ("key", "value", "created_at", "updated_at") VALUES ($1, $2, $3, $4) RETURNING "key"[0m  [["key", "environment"], ["value", "development"], ["created_at", "2020-02-25 11:10:44.459319"], ["updated_at", "2020-02-25 11:10:44.459319"]]
  [1m[35m (0.6ms)[0m  [1m[35mCOMMIT[0m
  [1m[35m (0.3ms)[0m  [1m[34mSELECT pg_advisory_unlock(6783929458321351875)[0m
  [1m[35m (0.9ms)[0m  [1m[34mSELECT "schema_migrations"."version" FROM "schema_migrations" ORDER BY "schema_migrations"."version" ASC[0m
  [1m[35m (0.2ms)[0m  [1m[34mSELECT pg_try_advisory_lock(6783929458321351875)[0m
  [1m[35m (1.4ms)[0m  [1m[34mSELECT "schema_migrations"."version" FROM "schema_migrations" ORDER BY "schema_migrations"."version" ASC[0m
Migrating to DeviseCreateUsers (20200225111107)
  [1m[35m (0.4ms)[0m  [1m[35mBEGIN[0m
  [1m[35m (8.6ms)[0m  [1m[35mCREATE TABLE "users" ("id" bigserial primary key, "email" character varying DEFAULT '' NOT NULL, "encrypted_password" character varying DEFAULT '' NOT NULL, "reset_password_token" character varying, "reset_password_sent_at" timestamp, "remember_created_at" timestamp, "created_at" timestamp(6) NOT NULL, "updated_at" timestamp(6) NOT NULL)[0m
  [1m[35m (2.1ms)[0m  [1m[35mCREATE UNIQUE INDEX  "index_users_on_email" ON "users"  ("email")[0m
  [1m[35m (1.8ms)[0m  [1m[35mCREATE UNIQUE INDEX  "index_users_on_reset_password_token" ON "users"  ("reset_password_token")[0m
  [1m[36mprimary::SchemaMigration Create (0.9ms)[0m  [1m[32mINSERT INTO "schema_migrations" ("version") VALUES ($1) RETURNING "version"[0m  [["version", "20200225111107"]]
  [1m[35m (1.0ms)[0m  [1m[35mCOMMIT[0m
  [1m[36mActiveRecord::InternalMetadata Load (0.5ms)[0m  [1m[34mSELECT "ar_internal_metadata".* FROM "ar_internal_metadata" WHERE "ar_internal_metadata"."key" = $1 LIMIT $2[0m  [["key", "environment"], ["LIMIT", 1]]
  [1m[35m (0.6ms)[0m  [1m[34mSELECT pg_advisory_unlock(6783929458321351875)[0m
  [1m[35m (1.0ms)[0m  [1m[34mSELECT "schema_migrations"."version" FROM "schema_migrations" ORDER BY "schema_migrations"."version" ASC[0m
Started GET "/" for 127.0.0.1 at 2020-02-25 12:11:45 +0100
  [1m[35m (1.6ms)[0m  [1m[34mSELECT "schema_migrations"."version" FROM "schema_migrations" ORDER BY "schema_migrations"."version" ASC[0m
Processing by PagesController#home as HTML
  Rendering pages/home.html.erb within layouts/application
  Rendered pages/home.html.erb within layouts/application (Duration: 1.5ms | Allocations: 374)
  Rendered shared/_navbar.html.erb (Duration: 3.9ms | Allocations: 624)
  Rendered shared/_flashes.html.erb (Duration: 0.5ms | Allocations: 190)
[Webpacker] Compiling...
[Webpacker] Compiled all packs in /home/administrateur/code/thmaurel/life/public/packs
[Webpacker] Hash: 2c7d930377460257e314
Version: webpack 4.41.6
Time: 1468ms
Built at: 02/25/2020 12:11:51 PM
                                     Asset       Size       Chunks                         Chunk Names
    js/application-c1d2cee379c5c59d7f03.js    561 KiB  application  [emitted] [immutable]  application
js/application-c1d2cee379c5c59d7f03.js.map    698 KiB  application  [emitted] [dev]        application
                             manifest.json  364 bytes               [emitted]              
Entrypoint application = js/application-c1d2cee379c5c59d7f03.js js/application-c1d2cee379c5c59d7f03.js.map
[./app/javascript/channels sync recursive _channel\.js$] ./app/javascript/channels sync _channel\.js$ 160 bytes {application} [built]
[./app/javascript/channels/index.js] 211 bytes {application} [built]
[./app/javascript/packs/application.js] 115 bytes {application} [built]
[./node_modules/webpack/buildin/global.js] (webpack)/buildin/global.js 472 bytes {application} [built]
    + 5 hidden modules

Completed 200 OK in 6214ms (Views: 6211.4ms | ActiveRecord: 0.0ms | Allocations: 123270)


  [1m[35m (0.2ms)[0m  [1m[34mSELECT pg_try_advisory_lock(6783929458321351875)[0m
  [1m[35m (1.3ms)[0m  [1m[34mSELECT "schema_migrations"."version" FROM "schema_migrations" ORDER BY "schema_migrations"."version" ASC[0m
Migrating to CreateChapters (20200225112519)
  [1m[35m (0.3ms)[0m  [1m[35mBEGIN[0m
  [1m[35m (14.6ms)[0m  [1m[35mCREATE TABLE "chapters" ("id" bigserial primary key, "title" character varying, "created_at" timestamp(6) NOT NULL, "updated_at" timestamp(6) NOT NULL)[0m
  [1m[36mprimary::SchemaMigration Create (0.6ms)[0m  [1m[32mINSERT INTO "schema_migrations" ("version") VALUES ($1) RETURNING "version"[0m  [["version", "20200225112519"]]
  [1m[35m (2.6ms)[0m  [1m[35mCOMMIT[0m
Migrating to CreateParagraphs (20200225112539)
  [1m[35m (0.3ms)[0m  [1m[35mBEGIN[0m
  [1m[35m (7.2ms)[0m  [1m[35mCREATE TABLE "paragraphs" ("id" bigserial primary key, "content" text, "chapter_id" bigint NOT NULL, "created_at" timestamp(6) NOT NULL, "updated_at" timestamp(6) NOT NULL, CONSTRAINT "fk_rails_d33330a96e"
FOREIGN KEY ("chapter_id")
  REFERENCES "chapters" ("id")
)[0m
  [1m[35m (1.6ms)[0m  [1m[35mCREATE  INDEX  "index_paragraphs_on_chapter_id" ON "paragraphs"  ("chapter_id")[0m
  [1m[36mprimary::SchemaMigration Create (0.4ms)[0m  [1m[32mINSERT INTO "schema_migrations" ("version") VALUES ($1) RETURNING "version"[0m  [["version", "20200225112539"]]
  [1m[35m (1.2ms)[0m  [1m[35mCOMMIT[0m
  [1m[36mActiveRecord::InternalMetadata Load (0.7ms)[0m  [1m[34mSELECT "ar_internal_metadata".* FROM "ar_internal_metadata" WHERE "ar_internal_metadata"."key" = $1 LIMIT $2[0m  [["key", "environment"], ["LIMIT", 1]]
  [1m[35m (1.0ms)[0m  [1m[34mSELECT pg_advisory_unlock(6783929458321351875)[0m
  [1m[35m (0.8ms)[0m  [1m[34mSELECT "schema_migrations"."version" FROM "schema_migrations" ORDER BY "schema_migrations"."version" ASC[0m
  [1m[35m (1.0ms)[0m  [1m[34mSELECT "schema_migrations"."version" FROM "schema_migrations" ORDER BY "schema_migrations"."version" ASC[0m
Started GET "/" for 127.0.0.1 at 2020-02-27 18:02:51 +0100
  [1m[35m (0.7ms)[0m  [1m[34mSELECT "schema_migrations"."version" FROM "schema_migrations" ORDER BY "schema_migrations"."version" ASC[0m
Processing by PagesController#home as HTML
  Rendering pages/home.html.erb within layouts/application
  Rendered pages/home.html.erb within layouts/application (Duration: 0.9ms | Allocations: 203)
  Rendered shared/_navbar.html.erb (Duration: 6.0ms | Allocations: 619)
  Rendered shared/_flashes.html.erb (Duration: 0.9ms | Allocations: 190)
[Webpacker] Everything's up-to-date. Nothing to do
Completed 200 OK in 130ms (Views: 128.4ms | ActiveRecord: 0.0ms | Allocations: 39771)


Started GET "/" for 127.0.0.1 at 2020-02-27 18:04:03 +0100
Processing by PagesController#home as HTML
  Rendering pages/home.html.erb within layouts/application
  [1m[36mChapter Load (1.3ms)[0m  [1m[34mSELECT "chapters".* FROM "chapters"[0m
  ↳ app/views/pages/home.html.erb:3
  Rendered pages/home.html.erb within layouts/application (Duration: 6.0ms | Allocations: 1152)
  Rendered shared/_navbar.html.erb (Duration: 1.0ms | Allocations: 552)
  Rendered shared/_flashes.html.erb (Duration: 0.3ms | Allocations: 182)
[Webpacker] Everything's up-to-date. Nothing to do
Completed 200 OK in 21ms (Views: 16.0ms | ActiveRecord: 3.4ms | Allocations: 13268)


Started GET "/" for 127.0.0.1 at 2020-02-27 18:04:22 +0100
Processing by PagesController#home as HTML
  Rendering pages/home.html.erb within layouts/application
  [1m[36mChapter Load (0.4ms)[0m  [1m[34mSELECT "chapters".* FROM "chapters"[0m
  ↳ app/views/pages/home.html.erb:3
  Rendered pages/home.html.erb within layouts/application (Duration: 2.1ms | Allocations: 752)
  Rendered shared/_navbar.html.erb (Duration: 1.1ms | Allocations: 542)
  Rendered shared/_flashes.html.erb (Duration: 0.5ms | Allocations: 182)
[Webpacker] Everything's up-to-date. Nothing to do
Completed 200 OK in 21ms (Views: 18.9ms | ActiveRecord: 0.4ms | Allocations: 12648)


Started GET "/" for 127.0.0.1 at 2020-02-27 18:04:30 +0100
Processing by PagesController#home as HTML
  Rendering pages/home.html.erb within layouts/application
  [1m[36mChapter Load (0.4ms)[0m  [1m[34mSELECT "chapters".* FROM "chapters"[0m
  ↳ app/views/pages/home.html.erb:3
  Rendered pages/home.html.erb within layouts/application (Duration: 2.4ms | Allocations: 748)
  Rendered shared/_navbar.html.erb (Duration: 1.0ms | Allocations: 542)
  Rendered shared/_flashes.html.erb (Duration: 0.3ms | Allocations: 182)
[Webpacker] Everything's up-to-date. Nothing to do
Completed 200 OK in 18ms (Views: 16.6ms | ActiveRecord: 0.4ms | Allocations: 12652)


Started GET "/" for 127.0.0.1 at 2020-02-27 18:04:41 +0100
Processing by PagesController#home as HTML
  Rendering pages/home.html.erb within layouts/application
  [1m[36mChapter Load (0.4ms)[0m  [1m[34mSELECT "chapters".* FROM "chapters"[0m
  ↳ app/views/pages/home.html.erb:3
  Rendered pages/home.html.erb within layouts/application (Duration: 2.4ms | Allocations: 1204)
  Rendered shared/_navbar.html.erb (Duration: 1.1ms | Allocations: 542)
  Rendered shared/_flashes.html.erb (Duration: 0.3ms | Allocations: 182)
[Webpacker] Everything's up-to-date. Nothing to do
Completed 200 OK in 19ms (Views: 17.1ms | ActiveRecord: 0.4ms | Allocations: 13005)


Started PUT "/__web_console/repl_sessions/91049753ab738fc309233a1d60fb4b1d" for 127.0.0.1 at 2020-02-27 18:04:47 +0100
Started PUT "/__web_console/repl_sessions/91049753ab738fc309233a1d60fb4b1d" for 127.0.0.1 at 2020-02-27 18:04:48 +0100
Started PUT "/__web_console/repl_sessions/91049753ab738fc309233a1d60fb4b1d" for 127.0.0.1 at 2020-02-27 18:04:52 +0100
Started PUT "/__web_console/repl_sessions/91049753ab738fc309233a1d60fb4b1d" for 127.0.0.1 at 2020-02-27 18:04:52 +0100
  [1m[36mChapter Load (0.3ms)[0m  [1m[34mSELECT "chapters".* FROM "chapters" LIMIT $1[0m  [["LIMIT", 11]]
  [1m[35m (0.8ms)[0m  [1m[34mSELECT "schema_migrations"."version" FROM "schema_migrations" ORDER BY "schema_migrations"."version" ASC[0m
  [1m[35m (0.1ms)[0m  [1m[35mBEGIN[0m
  [1m[36mChapter Create (27.1ms)[0m  [1m[32mINSERT INTO "chapters" ("title", "created_at", "updated_at") VALUES ($1, $2, $3) RETURNING "id"[0m  [["title", "Retour d'Hawaii"], ["created_at", "2020-02-27 17:05:19.040378"], ["updated_at", "2020-02-27 17:05:19.040378"]]
  [1m[35m (0.6ms)[0m  [1m[35mCOMMIT[0m
Started GET "/" for 127.0.0.1 at 2020-02-27 18:05:21 +0100
Processing by PagesController#home as HTML
  Rendering pages/home.html.erb within layouts/application
  [1m[36mChapter Load (0.4ms)[0m  [1m[34mSELECT "chapters".* FROM "chapters"[0m
  ↳ app/views/pages/home.html.erb:3
  Rendered pages/home.html.erb within layouts/application (Duration: 10.5ms | Allocations: 3432)
  Rendered shared/_navbar.html.erb (Duration: 0.5ms | Allocations: 174)
  Rendered shared/_flashes.html.erb (Duration: 0.1ms | Allocations: 21)
[Webpacker] Everything's up-to-date. Nothing to do
Completed 200 OK in 34ms (Views: 28.8ms | ActiveRecord: 4.6ms | Allocations: 13368)


